#
# There is insufficient memory for the Java Runtime Environment to continue.
# Native memory allocation (mmap) failed to map 268435456 bytes. Error detail: G1 virtual space
# Possible reasons:
#   The system is out of physical RAM or swap space
#   This process is running with CompressedOops enabled, and the Java Heap may be blocking the growth of the native heap
# Possible solutions:
#   Reduce memory load on the system
#   Increase physical memory or swap space
#   Check if swap backing store is full
#   Decrease Java heap size (-Xmx/-Xms)
#   Decrease number of Java threads
#   Decrease Java thread stack sizes (-Xss)
#   Set larger code cache with -XX:ReservedCodeCacheSize=
#   JVM is running with Zero Based Compressed Oops mode in which the Java heap is
#     placed in the first 32GB address space. The Java Heap base address is the
#     maximum limit for the native heap growth. Please use -XX:HeapBaseMinAddress
#     to set the Java Heap base and to place the Java Heap above 32GB virtual address.
# This output file may be truncated or incomplete.
#
#  Out of Memory Error (os_windows.cpp:3616), pid=12784, tid=2088
#
# JRE version:  (21.0.5+11) (build )
# Java VM: OpenJDK 64-Bit Server VM (21.0.5+11-LTS, mixed mode, sharing, tiered, compressed oops, compressed class ptrs, g1 gc, windows-amd64)
# No core dump will be written. Minidumps are not enabled by default on client versions of Windows
#

---------------  S U M M A R Y ------------

Command Line: -Dfile.encoding=UTF-8 -Dstdout.encoding=UTF-8 -Dstderr.encoding=UTF-8 -XX:+ShowCodeDetailsInExceptionMessages it.uniroma3.diadia.DiaDia

Host: Intel(R) Core(TM) i5-9400F CPU @ 2.90GHz, 6 cores, 15G,  Windows 11 , 64 bit Build 22621 (10.0.22621.5262)
Time: Thu Jun  5 16:33:11 2025 ora legale Europa occidentale elapsed time: 0.038875 seconds (0d 0h 0m 0s)

---------------  T H R E A D  ---------------

Current thread (0x0000016fc0380780):  JavaThread "Unknown thread" [_thread_in_vm, id=2088, stack(0x0000006313f00000,0x0000006314000000) (1024K)]

Stack: [0x0000006313f00000,0x0000006314000000]
Native frames: (J=compiled Java code, j=interpreted, Vv=VM code, C=native code)
V  [jvm.dll+0x6cd4e9]
V  [jvm.dll+0x8a7941]
V  [jvm.dll+0x8a9e6e]
V  [jvm.dll+0x8aa543]
V  [jvm.dll+0x27f6d6]
V  [jvm.dll+0x6c9c25]
V  [jvm.dll+0x6be84a]
V  [jvm.dll+0x355c6a]
V  [jvm.dll+0x35d836]
V  [jvm.dll+0x3af40e]
V  [jvm.dll+0x3af6b8]
V  [jvm.dll+0x329dfc]
V  [jvm.dll+0x32a95b]
V  [jvm.dll+0x870ba9]
V  [jvm.dll+0x3bc1e1]
V  [jvm.dll+0x859cd3]
V  [jvm.dll+0x4504ee]
V  [jvm.dll+0x452131]
C  [jli.dll+0x5278]
C  [ucrtbase.dll+0x29333]
C  [KERNEL32.DLL+0x1259d]
C  [ntdll.dll+0x5af58]


---------------  P R O C E S S  ---------------

Threads class SMR info:
_java_thread_list=0x00007ff8870990c8, length=0, elements={
}

Java Threads: ( => current thread )
Total: 0

Other Threads:
  0x0000016fc25c5210 WorkerThread "GC Thread#0"                     [id=20132, stack(0x0000006314100000,0x0000006314200000) (1024K)]
  0x0000016fc25d6990 ConcurrentGCThread "G1 Main Marker"            [id=19576, stack(0x0000006314200000,0x0000006314300000) (1024K)]
  0x0000016fc25d7490 WorkerThread "G1 Conc#0"                       [id=19268, stack(0x0000006314300000,0x0000006314400000) (1024K)]

[error occurred during error reporting (printing all threads), id 0xc0000005, EXCEPTION_ACCESS_VIOLATION (0xc0000005) at pc=0x00007ff88679c727]
VM state: not at safepoint (not fully initialized)

VM Mutex/Monitor currently owned by a thread:  ([mutex/lock_event])
[0x00007ff88710d480] Heap_lock - owner thread: 0x0000016fc0380780

Heap address: 0x0000000700e00000, size: 4082 MB, Compressed Oops mode: Zero based, Oop shift amount: 3

CDS archive(s) mapped at: [0x0000000000000000-0x0000000000000000-0x0000000000000000), size 0, SharedBaseAddress: 0x0000000800000000, ArchiveRelocationMode: 1.
Narrow klass base: 0x0000000000000000, Narrow klass shift: 0, Narrow klass range: 0x0

GC Precious Log:
 CardTable entry size: 512
 Card Set container configuration: InlinePtr #cards 4 size 8 Array Of Cards #cards 16 size 48 Howl #buckets 8 coarsen threshold 3686 Howl Bitmap #cards 512 size 80 coarsen threshold 460 Card regions per heap region 1 cards per card region 4096

Heap:
 garbage-first heap   total 0K, used 0K [0x0000000700e00000, 0x0000000800000000)
  region size 2048K, 0 young (0K), 0 survivors (0K)

[error occurred during error reporting (printing heap information), id 0xc0000005, EXCEPTION_ACCESS_VIOLATION (0xc0000005) at pc=0x00007ff886b86f49]
GC Heap History (0 events):
No events

Dll operation events (1 events):
Event: 0.007 Loaded shared library D:\Downloads\eclipse-java-2024-12-R-win32-x86_64\eclipse\plugins\org.eclipse.justj.openjdk.hotspot.jre.full.win32.x86_64_21.0.5.v20241023-1957\jre\bin\java.dll

Deoptimization events (0 events):
No events

Classes loaded (0 events):
No events

Classes unloaded (0 events):
No events

Classes redefined (0 events):
No events

Internal exceptions (0 events):
No events

ZGC Phase Switch (0 events):
No events

VM Operations (0 events):
No events

Memory protections (0 events):
No events

Nmethod flushes (0 events):
No events

Events (0 events):
No events


Dynamic libraries:
0x00007ff647490000 - 0x00007ff64749e000 	D:\Downloads\eclipse-java-2024-12-R-win32-x86_64\eclipse\plugins\org.eclipse.justj.openjdk.hotspot.jre.full.win32.x86_64_21.0.5.v20241023-1957\jre\bin\javaw.exe
0x00007ff96ea30000 - 0x00007ff96ec47000 	C:\WINDOWS\SYSTEM32\ntdll.dll
0x00007ff96dc30000 - 0x00007ff96dcf4000 	C:\WINDOWS\System32\KERNEL32.DLL
0x00007ff96c100000 - 0x00007ff96c4d3000 	C:\WINDOWS\System32\KERNELBASE.dll
0x00007ff96bd20000 - 0x00007ff96be31000 	C:\WINDOWS\System32\ucrtbase.dll
0x00007ff94e6e0000 - 0x00007ff94e6f8000 	D:\Downloads\eclipse-java-2024-12-R-win32-x86_64\eclipse\plugins\org.eclipse.justj.openjdk.hotspot.jre.full.win32.x86_64_21.0.5.v20241023-1957\jre\bin\jli.dll
0x00007ff96d5f0000 - 0x00007ff96d7a1000 	C:\WINDOWS\System32\USER32.dll
0x00007ff96c0d0000 - 0x00007ff96c0f6000 	C:\WINDOWS\System32\win32u.dll
0x00007ff96d220000 - 0x00007ff96d249000 	C:\WINDOWS\System32\GDI32.dll
0x00007ff96c4e0000 - 0x00007ff96c602000 	C:\WINDOWS\System32\gdi32full.dll
0x00007ff96be40000 - 0x00007ff96beda000 	C:\WINDOWS\System32\msvcp_win.dll
0x00007ff957720000 - 0x00007ff95773e000 	D:\Downloads\eclipse-java-2024-12-R-win32-x86_64\eclipse\plugins\org.eclipse.justj.openjdk.hotspot.jre.full.win32.x86_64_21.0.5.v20241023-1957\jre\bin\VCRUNTIME140.dll
0x00007ff95a780000 - 0x00007ff95aa1b000 	C:\WINDOWS\WinSxS\amd64_microsoft.windows.common-controls_6595b64144ccf1df_6.0.22621.5262_none_2712bde373830908\COMCTL32.dll
0x00007ff96d540000 - 0x00007ff96d5e7000 	C:\WINDOWS\System32\msvcrt.dll
0x00007ff96e6f0000 - 0x00007ff96e721000 	C:\WINDOWS\System32\IMM32.DLL
0x00007ff957710000 - 0x00007ff95771c000 	D:\Downloads\eclipse-java-2024-12-R-win32-x86_64\eclipse\plugins\org.eclipse.justj.openjdk.hotspot.jre.full.win32.x86_64_21.0.5.v20241023-1957\jre\bin\vcruntime140_1.dll
0x00007ff938d00000 - 0x00007ff938d8d000 	D:\Downloads\eclipse-java-2024-12-R-win32-x86_64\eclipse\plugins\org.eclipse.justj.openjdk.hotspot.jre.full.win32.x86_64_21.0.5.v20241023-1957\jre\bin\msvcp140.dll
0x00007ff886460000 - 0x00007ff8871ef000 	D:\Downloads\eclipse-java-2024-12-R-win32-x86_64\eclipse\plugins\org.eclipse.justj.openjdk.hotspot.jre.full.win32.x86_64_21.0.5.v20241023-1957\jre\bin\server\jvm.dll
0x00007ff96e3f0000 - 0x00007ff96e4a1000 	C:\WINDOWS\System32\ADVAPI32.dll
0x00007ff96c6d0000 - 0x00007ff96c777000 	C:\WINDOWS\System32\sechost.dll
0x00007ff96c610000 - 0x00007ff96c638000 	C:\WINDOWS\System32\bcrypt.dll
0x00007ff96d100000 - 0x00007ff96d214000 	C:\WINDOWS\System32\RPCRT4.dll
0x00007ff96d7b0000 - 0x00007ff96d821000 	C:\WINDOWS\System32\WS2_32.dll
0x00007ff96a970000 - 0x00007ff96a9bd000 	C:\WINDOWS\SYSTEM32\POWRPROF.dll
0x00007ff964910000 - 0x00007ff964944000 	C:\WINDOWS\SYSTEM32\WINMM.dll
0x00007ff968200000 - 0x00007ff96820a000 	C:\WINDOWS\SYSTEM32\VERSION.dll
0x00007ff96a950000 - 0x00007ff96a963000 	C:\WINDOWS\SYSTEM32\UMPDC.dll
0x00007ff96ac10000 - 0x00007ff96ac28000 	C:\WINDOWS\SYSTEM32\kernel.appcore.dll
0x00007ff9557e0000 - 0x00007ff9557ea000 	D:\Downloads\eclipse-java-2024-12-R-win32-x86_64\eclipse\plugins\org.eclipse.justj.openjdk.hotspot.jre.full.win32.x86_64_21.0.5.v20241023-1957\jre\bin\jimage.dll
0x00007ff969490000 - 0x00007ff9696c2000 	C:\WINDOWS\SYSTEM32\DBGHELP.DLL
0x00007ff96d830000 - 0x00007ff96dbc3000 	C:\WINDOWS\System32\combase.dll
0x00007ff96e750000 - 0x00007ff96e827000 	C:\WINDOWS\System32\OLEAUT32.dll
0x00007ff9469a0000 - 0x00007ff9469d2000 	C:\WINDOWS\SYSTEM32\dbgcore.DLL
0x00007ff96c640000 - 0x00007ff96c6bb000 	C:\WINDOWS\System32\bcryptPrimitives.dll
0x00007ff94a680000 - 0x00007ff94a69f000 	D:\Downloads\eclipse-java-2024-12-R-win32-x86_64\eclipse\plugins\org.eclipse.justj.openjdk.hotspot.jre.full.win32.x86_64_21.0.5.v20241023-1957\jre\bin\java.dll

dbghelp: loaded successfully - version: 4.0.5 - missing functions: none
symbol engine: initialized successfully - sym options: 0x614 - pdb path: .;D:\Downloads\eclipse-java-2024-12-R-win32-x86_64\eclipse\plugins\org.eclipse.justj.openjdk.hotspot.jre.full.win32.x86_64_21.0.5.v20241023-1957\jre\bin;C:\WINDOWS\SYSTEM32;C:\WINDOWS\WinSxS\amd64_microsoft.windows.common-controls_6595b64144ccf1df_6.0.22621.5262_none_2712bde373830908;D:\Downloads\eclipse-java-2024-12-R-win32-x86_64\eclipse\plugins\org.eclipse.justj.openjdk.hotspot.jre.full.win32.x86_64_21.0.5.v20241023-1957\jre\bin\server

VM Arguments:
jvm_args: -Dfile.encoding=UTF-8 -Dstdout.encoding=UTF-8 -Dstderr.encoding=UTF-8 -XX:+ShowCodeDetailsInExceptionMessages 
java_command: it.uniroma3.diadia.DiaDia
java_class_path (initial): D:\Documents\GitHub\2025-HOMEWORK-609981-605718\bin;D:\Downloads\eclipse-java-2024-12-R-win32-x86_64\eclipse\plugins\junit-jupiter-api_5.11.3.jar;D:\Downloads\eclipse-java-2024-12-R-win32-x86_64\eclipse\plugins\junit-jupiter-engine_5.11.3.jar;D:\Downloads\eclipse-java-2024-12-R-win32-x86_64\eclipse\plugins\junit-jupiter-migrationsupport_5.11.3.jar;D:\Downloads\eclipse-java-2024-12-R-win32-x86_64\eclipse\plugins\junit-jupiter-params_5.11.3.jar;D:\Downloads\eclipse-java-2024-12-R-win32-x86_64\eclipse\plugins\junit-platform-commons_1.11.3.jar;D:\Downloads\eclipse-java-2024-12-R-win32-x86_64\eclipse\plugins\junit-platform-engine_1.11.3.jar;D:\Downloads\eclipse-java-2024-12-R-win32-x86_64\eclipse\plugins\junit-platform-launcher_1.11.3.jar;D:\Downloads\eclipse-java-2024-12-R-win32-x86_64\eclipse\plugins\junit-platform-runner_1.11.3.jar;D:\Downloads\eclipse-java-2024-12-R-win32-x86_64\eclipse\plugins\junit-platform-suite-api_1.11.3.jar;D:\Downloads\eclipse-java-2024-12-R-win32-x86_64\eclipse\plugins\junit-platform-suite-engine_1.11.3.jar;D:\Downloads\eclipse-java-2024-12-R-win32-x86_64\eclipse\plugins\junit-platform-suite-commons_1.11.3.jar;D:\Downloads\eclipse-java-2024-12-R-win32-x86_64\eclipse\plugins\junit-vintage-engine_5.11.3.jar;D:\Downloads\eclipse-java-2024-12-R-win32-x86_64\eclipse\plugins\org.opentest4j_1.3.0.jar;D:\Downloads\eclipse-java-2024-12-R-win32-x86_64\eclipse\plugins\org.apiguardian.api_1.1.2.jar;D:\Downloads\eclipse-java-2024-12-R-win32-x86_64\eclipse\plugins\org.junit_4.13.2.v20240929-1000.jar;D:\Downloads\eclipse-java-2024-12-R-win32-x86_64\eclipse\plugins\org.hamcrest_3.0.0.jar
Launcher Type: SUN_STANDARD

[Global flags]
     intx CICompilerCount                          = 3                                         {product} {ergonomic}
     uint ConcGCThreads                            = 2                                         {product} {ergonomic}
     uint G1ConcRefinementThreads                  = 6                                         {product} {ergonomic}
   size_t G1HeapRegionSize                         = 2097152                                   {product} {ergonomic}
    uintx GCDrainStackTargetSize                   = 64                                        {product} {ergonomic}
   size_t InitialHeapSize                          = 268435456                                 {product} {ergonomic}
   size_t MarkStackSize                            = 4194304                                   {product} {ergonomic}
   size_t MaxHeapSize                              = 4280287232                                {product} {ergonomic}
   size_t MinHeapDeltaBytes                        = 2097152                                   {product} {ergonomic}
   size_t MinHeapSize                              = 8388608                                   {product} {ergonomic}
    uintx NonNMethodCodeHeapSize                   = 5832780                                {pd product} {ergonomic}
    uintx NonProfiledCodeHeapSize                  = 122912730                              {pd product} {ergonomic}
    uintx ProfiledCodeHeapSize                     = 122912730                              {pd product} {ergonomic}
    uintx ReservedCodeCacheSize                    = 251658240                              {pd product} {ergonomic}
     bool SegmentedCodeCache                       = true                                      {product} {ergonomic}
     bool ShowCodeDetailsInExceptionMessages       = true                                   {manageable} {command line}
   size_t SoftMaxHeapSize                          = 4280287232                             {manageable} {ergonomic}
     bool UseCompressedOops                        = true                           {product lp64_product} {ergonomic}
     bool UseG1GC                                  = true                                      {product} {ergonomic}
     bool UseLargePagesIndividualAllocation        = false                                  {pd product} {ergonomic}

Logging:
Log output configuration:
 #0: stdout all=warning uptime,level,tags foldmultilines=false
 #1: stderr all=off uptime,level,tags foldmultilines=false

Environment Variables:
PATH=D:/Downloads/eclipse-java-2024-12-R-win32-x86_64/eclipse//plugins/org.eclipse.justj.openjdk.hotspot.jre.full.win32.x86_64_21.0.6.v20250130-0529/jre/bin/server;D:/Downloads/eclipse-java-2024-12-R-win32-x86_64/eclipse//plugins/org.eclipse.justj.openjdk.hotspot.jre.full.win32.x86_64_21.0.6.v20250130-0529/jre/bin;C:\Program Files\Common Files\Oracle\Java\javapath;C:\Program Files (x86)\Common Files\Oracle\Java\java8path;C:\Program Files (x86)\Common Files\Oracle\Java\javapath;C:\Program Files (x86)\Common Files\Intel\Shared Libraries\redist\intel64\compiler;C:\ProgramData\Oracle\Java\javapath;C:\Program Files (x86)\Razer Chroma SDK\bin;C:\Program Files\Razer Chroma SDK\bin;C:\Windows\system32;C:\Windows;C:\Windows\System32\Wbem;C:\Windows\System32\WindowsPowerShell\v1.0\;C:\Windows\System32\OpenSSH\;C:\Users\nazar\AppData\Local\Microsoft\WindowsApps;C:\Program Files\dotnet\;C:\WINDOWS\system32;C:\WINDOWS;C:\WINDOWS\System32\Wbem;C:\WINDOWS\System32\WindowsPowerShell\v1.0\;C:\WINDOWS\System32\OpenSSH\;C:\Program Files (x86)\NVIDIA Corporation\PhysX\Common;C:\WINDOWS\system32;C:\WINDOWS;C:\WINDOWS\System32\Wbem;C:\WINDOWS\System32\WindowsPowerShell\v1.0\;C:\WINDOWS\System32\OpenSSH\;C:\Program Files\Wolfram Research\WolframScript\;C:\msys64\ucrt64\bin;C:\Program Files\nodejs\;C:\Program Files\NVIDIA Corporation\NVIDIA app\NvDLISR;C:\Program Files\MATLAB\R2024a\runtime\win64;C:\Program Files\MATLAB\R2024a\bin;C:\Program Files\Git\cmd;C:\Users\nazar\AppData\Local\Microsoft\WindowsApps;C:\Users\nazar\AppData\Local\GitHubDesktop\bin;C:\Users\nazar\AppData\Roaming\npm;C:\Users\nazar\AppData\Local\Programs\Windsurf\bin;C:\Users\nazar\AppData\Local\Programs\Microsoft VS Code\bin;D:\Downloads\eclipse-java-2024-12-R-win32-x86_64\eclipse;
USERNAME=nazar
OS=Windows_NT
PROCESSOR_IDENTIFIER=Intel64 Family 6 Model 158 Stepping 10, GenuineIntel
TMP=C:\Users\nazar\AppData\Local\Temp
TEMP=C:\Users\nazar\AppData\Local\Temp




Periodic native trim disabled

---------------  S Y S T E M  ---------------

OS:
 Windows 11 , 64 bit Build 22621 (10.0.22621.5262)
OS uptime: 0 days 1:54 hours
Hyper-V role detected

CPU: total 6 (initial active 6) (6 cores per cpu, 1 threads per core) family 6 model 158 stepping 10 microcode 0xde, cx8, cmov, fxsr, mmx, 3dnowpref, sse, sse2, sse3, ssse3, sse4.1, sse4.2, popcnt, lzcnt, tsc, tscinvbit, avx, avx2, aes, erms, clmul, bmi1, bmi2, adx, fma, vzeroupper, clflush, clflushopt, hv, rdtscp, f16c
Processor Information for all 6 processors :
  Max Mhz: 2904, Current Mhz: 2904, Mhz Limit: 2904

Memory: 4k page, system-wide physical 16321M (7555M free)
TotalPageFile size 19257M (AvailPageFile size 194M)
current process WorkingSet (physical memory assigned to process): 11M, peak: 11M
current process commit charge ("private bytes"): 56M, peak: 312M

vm_info: OpenJDK 64-Bit Server VM (21.0.5+11-LTS) for windows-amd64 JRE (21.0.5+11-LTS), built on 2024-10-15T00:00:00Z by "admin" with MS VC++ 17.7 (VS2022)

END.
